<?xml version="1.0" encoding="UTF-8"?>
<!-- Generated by org.testng.reporters.JUnitReportReporter -->
<testsuite skipped="0" hostname="DESKTOP-2IEME8E" name="script.ValidLogin" tests="2" failures="0" timestamp="23 Feb 2018 18:02:08 GMT" time="206.426" errors="0">
  <testcase name="testValidLogin" time="135.464" classname="script.ValidLogin"/>
  <testcase name="testValidLogin" time="70.962" classname="script.ValidLogin"/>
</testsuite> <!-- script.ValidLogin -->
