<?xml version="1.0" encoding="UTF-8"?>
<!-- Generated by org.testng.reporters.JUnitReportReporter -->
<testsuite skipped="0" hostname="DESKTOP-2IEME8E" name="script.ValidLogin" tests="1" failures="0" timestamp="23 Feb 2018 16:49:17 GMT" time="21.109" errors="0">
  <testcase name="testValidLogin" time="21.109" classname="script.ValidLogin"/>
</testsuite> <!-- script.ValidLogin -->
